<?xml version="1.0" encoding="UTF-8"?>
<testsuite name="com.syk.helloapp.TestQuote" tests="1" skipped="0" failures="0" errors="0" timestamp="2021-11-13T08:58:04" hostname="shihyu-System-Product-Name" time="0.002">
  <properties/>
  <testcase name="testSetWho" classname="com.syk.helloapp.TestQuote" time="0.002"/>
  <system-out><![CDATA[]]></system-out>
  <system-err><![CDATA[]]></system-err>
</testsuite>
